[debug] [2026-06-26T00:08:50.341Z] ----------------------------------------------------------------------
[debug] [2026-06-26T00:08:50.343Z] Command:       C:\Program Files\nodejs\node.exe C:\Users\nishi\AppData\Roaming\npm\node_modules\firebase-tools\lib\bin\firebase.js deploy --only functions
[debug] [2026-06-26T00:08:50.343Z] CLI Version:   15.22.0
[debug] [2026-06-26T00:08:50.343Z] Platform:      win32
[debug] [2026-06-26T00:08:50.344Z] Node Version:  v24.16.0
[debug] [2026-06-26T00:08:50.344Z] Detected Agent: unknown
[debug] [2026-06-26T00:08:50.344Z] Time:          Thu Jun 25 2026 17:08:50 GMT-0700 (Pacific Daylight Time)
[debug] [2026-06-26T00:08:50.344Z] ----------------------------------------------------------------------
[debug] 
[debug] [2026-06-26T00:08:50.345Z] >>> [apiv2][query] GET https://firebase-public.firebaseio.com/cli.json [none]
[debug] [2026-06-26T00:08:53.876Z] > command requires scopes: ["email","openid","https://www.googleapis.com/auth/cloudplatformprojects.readonly","https://www.googleapis.com/auth/firebase","https://www.googleapis.com/auth/cloud-platform"]
[debug] [2026-06-26T00:08:53.876Z] > authorizing via signed-in user (nishiannightmare@gmail.com)
[debug] [2026-06-26T00:08:53.876Z] [iam] checking project bujit-89ac6 for permissions ["cloudfunctions.functions.create","cloudfunctions.functions.delete","cloudfunctions.functions.get","cloudfunctions.functions.list","cloudfunctions.functions.update","cloudfunctions.operations.get","firebase.projects.get"]
[debug] [2026-06-26T00:08:53.877Z] Checked if tokens are valid: false, expires at: 1782344629419
[debug] [2026-06-26T00:08:53.877Z] Checked if tokens are valid: false, expires at: 1782344629419
[debug] [2026-06-26T00:08:53.877Z] > refreshing access token with scopes: []
[debug] [2026-06-26T00:08:53.879Z] >>> [apiv2][query] POST https://www.googleapis.com/oauth2/v3/token [none]
[debug] [2026-06-26T00:08:53.879Z] >>> [apiv2][body] POST https://www.googleapis.com/oauth2/v3/token [omitted]
[debug] [2026-06-26T00:08:53.978Z] <<< [apiv2][status] POST https://www.googleapis.com/oauth2/v3/token 200
[debug] [2026-06-26T00:08:53.978Z] <<< [apiv2][body] POST https://www.googleapis.com/oauth2/v3/token [omitted]
[debug] [2026-06-26T00:08:53.984Z] >>> [apiv2][query] POST https://cloudresourcemanager.googleapis.com/v1/projects/bujit-89ac6:testIamPermissions [none]
[debug] [2026-06-26T00:08:53.984Z] >>> [apiv2][(partial)header] POST https://cloudresourcemanager.googleapis.com/v1/projects/bujit-89ac6:testIamPermissions  x-goog-user-project=bujit-89ac6
[debug] [2026-06-26T00:08:53.984Z] >>> [apiv2][body] POST https://cloudresourcemanager.googleapis.com/v1/projects/bujit-89ac6:testIamPermissions {"permissions":["cloudfunctions.functions.create","cloudfunctions.functions.delete","cloudfunctions.functions.get","cloudfunctions.functions.list","cloudfunctions.functions.update","cloudfunctions.operations.get","firebase.projects.get"]}
[debug] [2026-06-26T00:08:54.019Z] <<< [apiv2][status] GET https://firebase-public.firebaseio.com/cli.json 200
[debug] [2026-06-26T00:08:54.019Z] <<< [apiv2][body] GET https://firebase-public.firebaseio.com/cli.json {"cloudBuildErrorAfter":1594252800000,"cloudBuildWarnAfter":1590019200000,"defaultNode10After":1594252800000,"minVersion":"3.0.5","node8DeploysDisabledAfter":1613390400000,"node8RuntimeDisabledAfter":1615809600000,"node8WarnAfter":1600128000000}
[debug] [2026-06-26T00:08:54.087Z] <<< [apiv2][status] POST https://cloudresourcemanager.googleapis.com/v1/projects/bujit-89ac6:testIamPermissions 200
[debug] [2026-06-26T00:08:54.087Z] <<< [apiv2][body] POST https://cloudresourcemanager.googleapis.com/v1/projects/bujit-89ac6:testIamPermissions {"permissions":["cloudfunctions.functions.create","cloudfunctions.functions.delete","cloudfunctions.functions.get","cloudfunctions.functions.list","cloudfunctions.functions.update","cloudfunctions.operations.get","firebase.projects.get"]}
[debug] [2026-06-26T00:08:54.088Z] Checked if tokens are valid: true, expires at: 1782436132978
[debug] [2026-06-26T00:08:54.088Z] Checked if tokens are valid: true, expires at: 1782436132978
[debug] [2026-06-26T00:08:54.088Z] >>> [apiv2][query] POST https://iam.googleapis.com/v1/projects/bujit-89ac6/serviceAccounts/bujit-89ac6@appspot.gserviceaccount.com:testIamPermissions [none]
[debug] [2026-06-26T00:08:54.088Z] >>> [apiv2][body] POST https://iam.googleapis.com/v1/projects/bujit-89ac6/serviceAccounts/bujit-89ac6@appspot.gserviceaccount.com:testIamPermissions {"permissions":["iam.serviceAccounts.actAs"]}
[debug] [2026-06-26T00:08:54.241Z] <<< [apiv2][status] POST https://iam.googleapis.com/v1/projects/bujit-89ac6/serviceAccounts/bujit-89ac6@appspot.gserviceaccount.com:testIamPermissions 200
[debug] [2026-06-26T00:08:54.241Z] <<< [apiv2][body] POST https://iam.googleapis.com/v1/projects/bujit-89ac6/serviceAccounts/bujit-89ac6@appspot.gserviceaccount.com:testIamPermissions {"permissions":["iam.serviceAccounts.actAs"]}
[info] 
[info] === Deploying to 'bujit-89ac6'...
[info] 
[info] i  deploying functions 
[info] +  functions: Finished running predeploy script. 
[debug] [2026-06-26T00:08:54.244Z] Checked if tokens are valid: true, expires at: 1782436132978
[debug] [2026-06-26T00:08:54.244Z] Checked if tokens are valid: true, expires at: 1782436132978
[debug] [2026-06-26T00:08:54.244Z] >>> [apiv2][query] GET https://cloudresourcemanager.googleapis.com/v1/projects/bujit-89ac6 [none]
[debug] [2026-06-26T00:08:54.363Z] <<< [apiv2][status] GET https://cloudresourcemanager.googleapis.com/v1/projects/bujit-89ac6 200
[debug] [2026-06-26T00:08:54.363Z] <<< [apiv2][body] GET https://cloudresourcemanager.googleapis.com/v1/projects/bujit-89ac6 {"projectNumber":"533939418471","projectId":"bujit-89ac6","lifecycleState":"ACTIVE","name":"Bujit-Backend","labels":{"firebase":"enabled","firebase-core":"disabled"},"createTime":"2026-06-20T18:59:37.618Z"}
[info] i  functions: preparing codebase default for deployment 
[info] i  functions: ensuring required API cloudfunctions.googleapis.com is enabled... 
[info] i  functions: ensuring required API cloudbuild.googleapis.com is enabled... 
[info] i  artifactregistry: ensuring required API artifactregistry.googleapis.com is enabled... 
[debug] [2026-06-26T00:08:54.365Z] Checked if tokens are valid: true, expires at: 1782436132978
[debug] [2026-06-26T00:08:54.365Z] Checked if tokens are valid: true, expires at: 1782436132978
[debug] [2026-06-26T00:08:54.366Z] >>> [apiv2][query] GET https://firebase.googleapis.com/v1beta1/projects/bujit-89ac6/adminSdkConfig [none]
[debug] [2026-06-26T00:08:54.548Z] <<< [apiv2][status] GET https://firebase.googleapis.com/v1beta1/projects/bujit-89ac6/adminSdkConfig 200
[debug] [2026-06-26T00:08:54.548Z] <<< [apiv2][body] GET https://firebase.googleapis.com/v1beta1/projects/bujit-89ac6/adminSdkConfig {"projectId":"bujit-89ac6","storageBucket":"bujit-89ac6.firebasestorage.app"}
[debug] [2026-06-26T00:08:54.550Z] Validating nodejs source
[debug] [2026-06-26T00:08:56.039Z] > [functions] package.json contents: {
  "name": "functions",
  "description": "Cloud Functions for Firebase",
  "scripts": {
    "lint": "eslint .",
    "serve": "firebase emulators:start --only functions",
    "shell": "firebase functions:shell",
    "start": "npm run shell",
    "deploy": "firebase deploy --only functions",
    "logs": "firebase functions:log"
  },
  "engines": {
    "node": "24"
  },
  "main": "index.js",
  "dependencies": {
    "axios": "^1.18.0",
    "firebase-admin": "^13.6.0",
    "firebase-functions": "^7.0.0"
  },
  "devDependencies": {
    "eslint": "^8.15.0",
    "eslint-config-google": "^0.14.0",
    "firebase-functions-test": "^3.4.1"
  },
  "private": true
}
[debug] [2026-06-26T00:08:56.039Z] Building nodejs source
[info] i  functions: Loading and analyzing source code for codebase default to determine what to deploy 
[debug] [2026-06-26T00:08:56.040Z] Could not find functions.yaml. Must use http discovery
[debug] [2026-06-26T00:08:56.047Z] Found firebase-functions binary at 'C:\Users\nishi\OneDrive\Desktop\AndroidStudioProjects\Bujit-release\functions\node_modules\.bin\firebase-functions'
[info] Serving at port 8168

[debug] [2026-06-26T00:08:57.262Z] Got response from /__/functions.yaml {"endpoints":{"tellerProxy":{"availableMemoryMb":null,"timeoutSeconds":null,"minInstances":null,"maxInstances":10,"ingressSettings":null,"concurrency":null,"serviceAccountEmail":null,"vpc":null,"platform":"gcfv2","secretEnvironmentVariables":[{"key":"TELLER_CERT"},{"key":"TELLER_PRIVATE_KEY"},{"key":"PLAID_CLIENT_ID"},{"key":"PLAID_SECRET_SANDBOX"},{"key":"PLAID_SECRET_PRODUCTION"}],"labels":{},"httpsTrigger":{"invoker":["public"]},"entryPoint":"tellerProxy"}},"specVersion":"v1alpha1","requiredAPIs":[],"extensions":{},"params":[{"type":"secret","name":"TELLER_CERT"},{"type":"secret","name":"TELLER_PRIVATE_KEY"},{"type":"secret","name":"PLAID_CLIENT_ID"},{"type":"secret","name":"PLAID_SECRET_SANDBOX"},{"type":"secret","name":"PLAID_SECRET_PRODUCTION"},{"name":"PLAID_ENV","type":"string","default":"production"}]}
[debug] [2026-06-26T00:09:01.301Z] Checked if tokens are valid: true, expires at: 1782436132978
[debug] [2026-06-26T00:09:01.302Z] Checked if tokens are valid: true, expires at: 1782436132978
[debug] [2026-06-26T00:09:01.302Z] >>> [apiv2][query] GET https://cloudfunctions.googleapis.com/v1/projects/bujit-89ac6/locations/-/functions [none]
[debug] [2026-06-26T00:09:01.758Z] <<< [apiv2][status] GET https://cloudfunctions.googleapis.com/v1/projects/bujit-89ac6/locations/-/functions 200
[debug] [2026-06-26T00:09:01.758Z] <<< [apiv2][body] GET https://cloudfunctions.googleapis.com/v1/projects/bujit-89ac6/locations/-/functions {}
[debug] [2026-06-26T00:09:01.759Z] Checked if tokens are valid: true, expires at: 1782436132978
[debug] [2026-06-26T00:09:01.759Z] Checked if tokens are valid: true, expires at: 1782436132978
[debug] [2026-06-26T00:09:01.759Z] >>> [apiv2][query] GET https://cloudfunctions.googleapis.com/v2/projects/bujit-89ac6/locations/-/functions filter=environment%3D%22GEN_2%22
[debug] [2026-06-26T00:09:02.348Z] <<< [apiv2][status] GET https://cloudfunctions.googleapis.com/v2/projects/bujit-89ac6/locations/-/functions 200
[debug] [2026-06-26T00:09:02.348Z] <<< [apiv2][body] GET https://cloudfunctions.googleapis.com/v2/projects/bujit-89ac6/locations/-/functions {"functions":[{"name":"projects/bujit-89ac6/locations/us-central1/functions/tellerProxy","buildConfig":{"build":"projects/533939418471/locations/us-central1/builds/18d6975a-81ef-4562-99bb-6d1fee5ecb10","runtime":"nodejs24","entryPoint":"tellerProxy","source":{"storageSource":{"bucket":"gcf-v2-sources-533939418471-us-central1","object":"tellerProxy/function-source.zip","generation":"1782341041454391"}},"environmentVariables":{"GOOGLE_NODE_RUN_SCRIPTS":""},"dockerRepository":"projects/bujit-89ac6/locations/us-central1/repositories/gcf-artifacts","sourceProvenance":{"resolvedStorageSource":{"bucket":"gcf-v2-sources-533939418471-us-central1","object":"tellerProxy/function-source.zip","generation":"1782341041454391"}},"dockerRegistry":"ARTIFACT_REGISTRY","serviceAccount":"projects/bujit-89ac6/serviceAccounts/533939418471-compute@developer.gserviceaccount.com","automaticUpdatePolicy":{}},"serviceConfig":{"service":"projects/bujit-89ac6/locations/us-central1/services/tellerproxy","timeoutSeconds":60,"environmentVariables":{"PLAID_ENV":"production","FIREBASE_CONFIG":"{\"projectId\":\"bujit-89ac6\",\"storageBucket\":\"bujit-89ac6.firebasestorage.app\"}","GCLOUD_PROJECT":"bujit-89ac6","EVENTARC_CLOUD_EVENT_SOURCE":"projects/bujit-89ac6/locations/us-central1/services/tellerProxy","FUNCTION_TARGET":"tellerProxy","LOG_EXECUTION_ID":"true"},"maxInstanceCount":10,"ingressSettings":"ALLOW_ALL","uri":"https://tellerproxy-kswzrkdipq-uc.a.run.app","serviceAccountEmail":"533939418471-compute@developer.gserviceaccount.com","availableMemory":"256Mi","allTrafficOnLatestRevision":true,"secretEnvironmentVariables":[{"key":"TELLER_CERT","projectId":"bujit-89ac6","secret":"TELLER_CERT","version":"2"},{"key":"TELLER_PRIVATE_KEY","projectId":"bujit-89ac6","secret":"TELLER_PRIVATE_KEY","version":"2"},{"key":"PLAID_CLIENT_ID","projectId":"bujit-89ac6","secret":"PLAID_CLIENT_ID","version":"1"},{"key":"PLAID_SECRET_SANDBOX","projectId":"bujit-89ac6","secret":"PLAID_SECRET_SANDBOX","version":"1"},{"key":"PLAID_SECRET_PRODUCTION","projectId":"bujit-89ac6","secret":"PLAID_SECRET_PRODUCTION","version":"1"}],"revision":"tellerproxy-00018-reb","maxInstanceRequestConcurrency":80,"availableCpu":"1"},"state":"ACTIVE","updateTime":"2026-06-24T22:45:21.282521947Z","labels":{"deployment-tool":"cli-firebase","firebase-functions-hash":"a58d581f1495f69220c1ae6ba14a13b3b31df2a7"},"environment":"GEN_2","url":"https://us-central1-bujit-89ac6.cloudfunctions.net/tellerProxy","createTime":"2026-06-20T20:29:49.851815248Z","satisfiesPzi":true}]}
[info] i  extensions: ensuring required API firebaseextensions.googleapis.com is enabled... 
[debug] [2026-06-26T00:09:02.350Z] > command requires scopes: ["email","openid","https://www.googleapis.com/auth/cloudplatformprojects.readonly","https://www.googleapis.com/auth/firebase","https://www.googleapis.com/auth/cloud-platform"]
[debug] [2026-06-26T00:09:02.350Z] > authorizing via signed-in user (nishiannightmare@gmail.com)
[debug] [2026-06-26T00:09:02.350Z] [iam] checking project bujit-89ac6 for permissions ["firebase.projects.get","firebaseextensions.instances.list"]
[debug] [2026-06-26T00:09:02.350Z] Checked if tokens are valid: true, expires at: 1782436132978
[debug] [2026-06-26T00:09:02.350Z] Checked if tokens are valid: true, expires at: 1782436132978
[debug] [2026-06-26T00:09:02.350Z] >>> [apiv2][query] POST https://cloudresourcemanager.googleapis.com/v1/projects/bujit-89ac6:testIamPermissions [none]
[debug] [2026-06-26T00:09:02.350Z] >>> [apiv2][(partial)header] POST https://cloudresourcemanager.googleapis.com/v1/projects/bujit-89ac6:testIamPermissions  x-goog-user-project=bujit-89ac6
[debug] [2026-06-26T00:09:02.350Z] >>> [apiv2][body] POST https://cloudresourcemanager.googleapis.com/v1/projects/bujit-89ac6:testIamPermissions {"permissions":["firebase.projects.get","firebaseextensions.instances.list"]}
[debug] [2026-06-26T00:09:02.521Z] <<< [apiv2][status] POST https://cloudresourcemanager.googleapis.com/v1/projects/bujit-89ac6:testIamPermissions 200
[debug] [2026-06-26T00:09:02.521Z] <<< [apiv2][body] POST https://cloudresourcemanager.googleapis.com/v1/projects/bujit-89ac6:testIamPermissions {"permissions":["firebase.projects.get","firebaseextensions.instances.list"]}
[debug] [2026-06-26T00:09:02.521Z] Checked if tokens are valid: true, expires at: 1782436132978
[debug] [2026-06-26T00:09:02.521Z] Checked if tokens are valid: true, expires at: 1782436132978
[debug] [2026-06-26T00:09:02.521Z] >>> [apiv2][query] GET https://firebaseextensions.googleapis.com/v1beta/projects/bujit-89ac6/instances pageSize=100&pageToken=
[debug] [2026-06-26T00:09:02.955Z] <<< [apiv2][status] GET https://firebaseextensions.googleapis.com/v1beta/projects/bujit-89ac6/instances 200
[debug] [2026-06-26T00:09:02.956Z] <<< [apiv2][body] GET https://firebaseextensions.googleapis.com/v1beta/projects/bujit-89ac6/instances {}
[info] i  functions: Loaded environment variables from .env.bujit-89ac6. 
[debug] [2026-06-26T00:09:02.957Z] Checked if tokens are valid: true, expires at: 1782436132978
[debug] [2026-06-26T00:09:02.957Z] Checked if tokens are valid: true, expires at: 1782436132978
[debug] [2026-06-26T00:09:02.957Z] >>> [apiv2][query] GET https://secretmanager.googleapis.com/v1/projects/bujit-89ac6/secrets/TELLER_CERT [none]
[debug] [2026-06-26T00:09:03.137Z] <<< [apiv2][status] GET https://secretmanager.googleapis.com/v1/projects/bujit-89ac6/secrets/TELLER_CERT 200
[debug] [2026-06-26T00:09:03.137Z] <<< [apiv2][body] GET https://secretmanager.googleapis.com/v1/projects/bujit-89ac6/secrets/TELLER_CERT {"name":"projects/533939418471/secrets/TELLER_CERT","replication":{"automatic":{}},"createTime":"2026-06-20T20:21:56.530751Z","labels":{"firebase-managed":"functions"},"etag":"\"1654b5292e8a57\""}
[debug] [2026-06-26T00:09:03.137Z] Checked if tokens are valid: true, expires at: 1782436132978
[debug] [2026-06-26T00:09:03.137Z] Checked if tokens are valid: true, expires at: 1782436132978
[debug] [2026-06-26T00:09:03.137Z] >>> [apiv2][query] GET https://secretmanager.googleapis.com/v1/projects/bujit-89ac6/secrets/TELLER_CERT/versions/latest [none]
[debug] [2026-06-26T00:09:03.236Z] <<< [apiv2][status] GET https://secretmanager.googleapis.com/v1/projects/bujit-89ac6/secrets/TELLER_CERT/versions/latest 200
[debug] [2026-06-26T00:09:03.236Z] <<< [apiv2][body] GET https://secretmanager.googleapis.com/v1/projects/bujit-89ac6/secrets/TELLER_CERT/versions/latest {"name":"projects/533939418471/secrets/TELLER_CERT/versions/2","createTime":"2026-06-20T21:25:37.155Z","state":"ENABLED","replicationStatus":{"automatic":{}},"etag":"\"1654b60ce193b8\""}
[debug] [2026-06-26T00:09:03.236Z] Checked if tokens are valid: true, expires at: 1782436132978
[debug] [2026-06-26T00:09:03.237Z] Checked if tokens are valid: true, expires at: 1782436132978
[debug] [2026-06-26T00:09:03.237Z] >>> [apiv2][query] GET https://secretmanager.googleapis.com/v1/projects/bujit-89ac6/secrets/TELLER_PRIVATE_KEY [none]
[debug] [2026-06-26T00:09:03.333Z] <<< [apiv2][status] GET https://secretmanager.googleapis.com/v1/projects/bujit-89ac6/secrets/TELLER_PRIVATE_KEY 200
[debug] [2026-06-26T00:09:03.333Z] <<< [apiv2][body] GET https://secretmanager.googleapis.com/v1/projects/bujit-89ac6/secrets/TELLER_PRIVATE_KEY {"name":"projects/533939418471/secrets/TELLER_PRIVATE_KEY","replication":{"automatic":{}},"createTime":"2026-06-20T20:21:14.083254Z","labels":{"firebase-managed":"functions"},"etag":"\"1654b526a6e4e6\""}
[debug] [2026-06-26T00:09:03.333Z] Checked if tokens are valid: true, expires at: 1782436132978
[debug] [2026-06-26T00:09:03.333Z] Checked if tokens are valid: true, expires at: 1782436132978
[debug] [2026-06-26T00:09:03.333Z] >>> [apiv2][query] GET https://secretmanager.googleapis.com/v1/projects/bujit-89ac6/secrets/TELLER_PRIVATE_KEY/versions/latest [none]
[debug] [2026-06-26T00:09:03.433Z] <<< [apiv2][status] GET https://secretmanager.googleapis.com/v1/projects/bujit-89ac6/secrets/TELLER_PRIVATE_KEY/versions/latest 200
[debug] [2026-06-26T00:09:03.434Z] <<< [apiv2][body] GET https://secretmanager.googleapis.com/v1/projects/bujit-89ac6/secrets/TELLER_PRIVATE_KEY/versions/latest {"name":"projects/533939418471/secrets/TELLER_PRIVATE_KEY/versions/2","createTime":"2026-06-20T21:26:07.676938Z","state":"ENABLED","replicationStatus":{"automatic":{}},"etag":"\"1654b60eb34e0a\""}
[debug] [2026-06-26T00:09:03.434Z] Checked if tokens are valid: true, expires at: 1782436132978
[debug] [2026-06-26T00:09:03.434Z] Checked if tokens are valid: true, expires at: 1782436132978
[debug] [2026-06-26T00:09:03.434Z] >>> [apiv2][query] GET https://secretmanager.googleapis.com/v1/projects/bujit-89ac6/secrets/PLAID_CLIENT_ID [none]
[debug] [2026-06-26T00:09:03.530Z] <<< [apiv2][status] GET https://secretmanager.googleapis.com/v1/projects/bujit-89ac6/secrets/PLAID_CLIENT_ID 200
[debug] [2026-06-26T00:09:03.530Z] <<< [apiv2][body] GET https://secretmanager.googleapis.com/v1/projects/bujit-89ac6/secrets/PLAID_CLIENT_ID {"name":"projects/533939418471/secrets/PLAID_CLIENT_ID","replication":{"automatic":{}},"createTime":"2026-06-24T00:49:37.775858Z","labels":{"firebase-managed":"functions"},"etag":"\"1654f54005cd85\""}
[debug] [2026-06-26T00:09:03.530Z] Checked if tokens are valid: true, expires at: 1782436132978
[debug] [2026-06-26T00:09:03.530Z] Checked if tokens are valid: true, expires at: 1782436132978
[debug] [2026-06-26T00:09:03.530Z] >>> [apiv2][query] GET https://secretmanager.googleapis.com/v1/projects/bujit-89ac6/secrets/PLAID_CLIENT_ID/versions/latest [none]
[debug] [2026-06-26T00:09:03.622Z] <<< [apiv2][status] GET https://secretmanager.googleapis.com/v1/projects/bujit-89ac6/secrets/PLAID_CLIENT_ID/versions/latest 200
[debug] [2026-06-26T00:09:03.622Z] <<< [apiv2][body] GET https://secretmanager.googleapis.com/v1/projects/bujit-89ac6/secrets/PLAID_CLIENT_ID/versions/latest {"name":"projects/533939418471/secrets/PLAID_CLIENT_ID/versions/1","createTime":"2026-06-24T00:49:44.538130Z","state":"ENABLED","replicationStatus":{"automatic":{}},"etag":"\"1654f54067f012\""}
[debug] [2026-06-26T00:09:03.622Z] Checked if tokens are valid: true, expires at: 1782436132978
[debug] [2026-06-26T00:09:03.622Z] Checked if tokens are valid: true, expires at: 1782436132978
[debug] [2026-06-26T00:09:03.622Z] >>> [apiv2][query] GET https://secretmanager.googleapis.com/v1/projects/bujit-89ac6/secrets/PLAID_SECRET_SANDBOX [none]
[debug] [2026-06-26T00:09:03.717Z] <<< [apiv2][status] GET https://secretmanager.googleapis.com/v1/projects/bujit-89ac6/secrets/PLAID_SECRET_SANDBOX 200
[debug] [2026-06-26T00:09:03.717Z] <<< [apiv2][body] GET https://secretmanager.googleapis.com/v1/projects/bujit-89ac6/secrets/PLAID_SECRET_SANDBOX {"name":"projects/533939418471/secrets/PLAID_SECRET_SANDBOX","replication":{"automatic":{}},"createTime":"2026-06-24T21:53:10.146266Z","labels":{"firebase-managed":"functions"},"etag":"\"165506e6cce09a\""}
[debug] [2026-06-26T00:09:03.717Z] Checked if tokens are valid: true, expires at: 1782436132978
[debug] [2026-06-26T00:09:03.717Z] Checked if tokens are valid: true, expires at: 1782436132978
[debug] [2026-06-26T00:09:03.717Z] >>> [apiv2][query] GET https://secretmanager.googleapis.com/v1/projects/bujit-89ac6/secrets/PLAID_SECRET_SANDBOX/versions/latest [none]
[debug] [2026-06-26T00:09:03.825Z] <<< [apiv2][status] GET https://secretmanager.googleapis.com/v1/projects/bujit-89ac6/secrets/PLAID_SECRET_SANDBOX/versions/latest 200
[debug] [2026-06-26T00:09:03.825Z] <<< [apiv2][body] GET https://secretmanager.googleapis.com/v1/projects/bujit-89ac6/secrets/PLAID_SECRET_SANDBOX/versions/latest {"name":"projects/533939418471/secrets/PLAID_SECRET_SANDBOX/versions/1","createTime":"2026-06-24T21:53:12.917290Z","state":"ENABLED","replicationStatus":{"automatic":{}},"etag":"\"165506e6f0012a\""}
[debug] [2026-06-26T00:09:03.825Z] Checked if tokens are valid: true, expires at: 1782436132978
[debug] [2026-06-26T00:09:03.825Z] Checked if tokens are valid: true, expires at: 1782436132978
[debug] [2026-06-26T00:09:03.825Z] >>> [apiv2][query] GET https://secretmanager.googleapis.com/v1/projects/bujit-89ac6/secrets/PLAID_SECRET_PRODUCTION [none]
[debug] [2026-06-26T00:09:03.891Z] <<< [apiv2][status] GET https://secretmanager.googleapis.com/v1/projects/bujit-89ac6/secrets/PLAID_SECRET_PRODUCTION 200
[debug] [2026-06-26T00:09:03.891Z] <<< [apiv2][body] GET https://secretmanager.googleapis.com/v1/projects/bujit-89ac6/secrets/PLAID_SECRET_PRODUCTION {"name":"projects/533939418471/secrets/PLAID_SECRET_PRODUCTION","replication":{"automatic":{}},"createTime":"2026-06-24T21:54:03.393209Z","labels":{"firebase-managed":"functions"},"etag":"\"165506e9f7317d\""}
[debug] [2026-06-26T00:09:03.891Z] Checked if tokens are valid: true, expires at: 1782436132978
[debug] [2026-06-26T00:09:03.891Z] Checked if tokens are valid: true, expires at: 1782436132978
[debug] [2026-06-26T00:09:03.891Z] >>> [apiv2][query] GET https://secretmanager.googleapis.com/v1/projects/bujit-89ac6/secrets/PLAID_SECRET_PRODUCTION/versions/latest [none]
[debug] [2026-06-26T00:09:03.966Z] <<< [apiv2][status] GET https://secretmanager.googleapis.com/v1/projects/bujit-89ac6/secrets/PLAID_SECRET_PRODUCTION/versions/latest 200
[debug] [2026-06-26T00:09:03.966Z] <<< [apiv2][body] GET https://secretmanager.googleapis.com/v1/projects/bujit-89ac6/secrets/PLAID_SECRET_PRODUCTION/versions/latest {"name":"projects/533939418471/secrets/PLAID_SECRET_PRODUCTION/versions/1","createTime":"2026-06-24T21:54:08.450411Z","state":"ENABLED","replicationStatus":{"automatic":{}},"etag":"\"165506ea3f5f6b\""}
[info] i  functions: preparing functions directory for uploading... 
[info] i  functions: packaged C:\Users\nishi\OneDrive\Desktop\AndroidStudioProjects\Bujit-release\functions (84.89 KB) for uploading 
[info] i  functions: ensuring required API run.googleapis.com is enabled... 
[info] i  functions: ensuring required API eventarc.googleapis.com is enabled... 
[info] i  functions: ensuring required API pubsub.googleapis.com is enabled... 
[info] i  functions: ensuring required API storage.googleapis.com is enabled... 
[info] i  functions: generating the service identity for pubsub.googleapis.com... 
[debug] [2026-06-26T00:09:03.989Z] Checked if tokens are valid: true, expires at: 1782436132978
[debug] [2026-06-26T00:09:03.989Z] Checked if tokens are valid: true, expires at: 1782436132978
[info] i  functions: generating the service identity for eventarc.googleapis.com... 
[debug] [2026-06-26T00:09:03.989Z] Checked if tokens are valid: true, expires at: 1782436132978
[debug] [2026-06-26T00:09:03.989Z] Checked if tokens are valid: true, expires at: 1782436132978
[debug] [2026-06-26T00:09:03.989Z] >>> [apiv2][query] POST https://serviceusage.googleapis.com/v1beta1/projects/533939418471/services/pubsub.googleapis.com:generateServiceIdentity [none]
[debug] [2026-06-26T00:09:03.989Z] >>> [apiv2][(partial)header] POST https://serviceusage.googleapis.com/v1beta1/projects/533939418471/services/pubsub.googleapis.com:generateServiceIdentity  x-goog-user-project=533939418471
[debug] [2026-06-26T00:09:03.989Z] >>> [apiv2][body] POST https://serviceusage.googleapis.com/v1beta1/projects/533939418471/services/pubsub.googleapis.com:generateServiceIdentity {}
[debug] [2026-06-26T00:09:03.990Z] >>> [apiv2][query] POST https://serviceusage.googleapis.com/v1beta1/projects/533939418471/services/eventarc.googleapis.com:generateServiceIdentity [none]
[debug] [2026-06-26T00:09:03.990Z] >>> [apiv2][(partial)header] POST https://serviceusage.googleapis.com/v1beta1/projects/533939418471/services/eventarc.googleapis.com:generateServiceIdentity  x-goog-user-project=533939418471
[debug] [2026-06-26T00:09:03.990Z] >>> [apiv2][body] POST https://serviceusage.googleapis.com/v1beta1/projects/533939418471/services/eventarc.googleapis.com:generateServiceIdentity {}
[debug] [2026-06-26T00:09:04.607Z] <<< [apiv2][status] POST https://serviceusage.googleapis.com/v1beta1/projects/533939418471/services/pubsub.googleapis.com:generateServiceIdentity 200
[debug] [2026-06-26T00:09:04.608Z] <<< [apiv2][body] POST https://serviceusage.googleapis.com/v1beta1/projects/533939418471/services/pubsub.googleapis.com:generateServiceIdentity {"name":"operations/finished.DONE_OPERATION","done":true,"response":{"@type":"type.googleapis.com/google.api.serviceusage.v1beta1.ServiceIdentity","email":"service-533939418471@gcp-sa-pubsub.iam.gserviceaccount.com","uniqueId":"112411529388780954212"}}
[debug] [2026-06-26T00:09:14.567Z] <<< [apiv2][status] POST https://serviceusage.googleapis.com/v1beta1/projects/533939418471/services/eventarc.googleapis.com:generateServiceIdentity 200
[debug] [2026-06-26T00:09:14.567Z] <<< [apiv2][body] POST https://serviceusage.googleapis.com/v1beta1/projects/533939418471/services/eventarc.googleapis.com:generateServiceIdentity {"name":"operations/finished.DONE_OPERATION","done":true,"response":{"@type":"type.googleapis.com/google.api.serviceusage.v1beta1.ServiceIdentity","email":"service-533939418471@gcp-sa-eventarc.iam.gserviceaccount.com","uniqueId":"114532745594267716550"}}
[info] i  functions: ensuring required API secretmanager.googleapis.com is enabled... 
[debug] [2026-06-26T00:09:14.569Z] Checked if tokens are valid: true, expires at: 1782436132978
[debug] [2026-06-26T00:09:14.569Z] Checked if tokens are valid: true, expires at: 1782436132978
[debug] [2026-06-26T00:09:14.569Z] Checked if tokens are valid: true, expires at: 1782436132978
[debug] [2026-06-26T00:09:14.569Z] Checked if tokens are valid: true, expires at: 1782436132978
[debug] [2026-06-26T00:09:14.569Z] Checked if tokens are valid: true, expires at: 1782436132978
[debug] [2026-06-26T00:09:14.569Z] Checked if tokens are valid: true, expires at: 1782436132978
[debug] [2026-06-26T00:09:14.569Z] Checked if tokens are valid: true, expires at: 1782436132978
[debug] [2026-06-26T00:09:14.569Z] Checked if tokens are valid: true, expires at: 1782436132978
[debug] [2026-06-26T00:09:14.569Z] Checked if tokens are valid: true, expires at: 1782436132978
[debug] [2026-06-26T00:09:14.569Z] Checked if tokens are valid: true, expires at: 1782436132978
[debug] [2026-06-26T00:09:14.569Z] >>> [apiv2][query] GET https://secretmanager.googleapis.com/v1/projects/bujit-89ac6/secrets/TELLER_CERT/versions/latest [none]
[debug] [2026-06-26T00:09:14.570Z] >>> [apiv2][query] GET https://secretmanager.googleapis.com/v1/projects/bujit-89ac6/secrets/TELLER_PRIVATE_KEY/versions/latest [none]
[debug] [2026-06-26T00:09:14.571Z] >>> [apiv2][query] GET https://secretmanager.googleapis.com/v1/projects/bujit-89ac6/secrets/PLAID_CLIENT_ID/versions/latest [none]
[debug] [2026-06-26T00:09:14.571Z] >>> [apiv2][query] GET https://secretmanager.googleapis.com/v1/projects/bujit-89ac6/secrets/PLAID_SECRET_SANDBOX/versions/latest [none]
[debug] [2026-06-26T00:09:14.572Z] >>> [apiv2][query] GET https://secretmanager.googleapis.com/v1/projects/bujit-89ac6/secrets/PLAID_SECRET_PRODUCTION/versions/latest [none]
[debug] [2026-06-26T00:09:14.656Z] <<< [apiv2][status] GET https://secretmanager.googleapis.com/v1/projects/bujit-89ac6/secrets/PLAID_SECRET_PRODUCTION/versions/latest 200
[debug] [2026-06-26T00:09:14.656Z] <<< [apiv2][body] GET https://secretmanager.googleapis.com/v1/projects/bujit-89ac6/secrets/PLAID_SECRET_PRODUCTION/versions/latest {"name":"projects/533939418471/secrets/PLAID_SECRET_PRODUCTION/versions/1","createTime":"2026-06-24T21:54:08.450411Z","state":"ENABLED","replicationStatus":{"automatic":{}},"etag":"\"165506ea3f5f6b\""}
[debug] [2026-06-26T00:09:14.656Z] Resolved secret version of PLAID_SECRET_PRODUCTION to 1.
[debug] [2026-06-26T00:09:14.663Z] <<< [apiv2][status] GET https://secretmanager.googleapis.com/v1/projects/bujit-89ac6/secrets/TELLER_PRIVATE_KEY/versions/latest 200
[debug] [2026-06-26T00:09:14.663Z] <<< [apiv2][body] GET https://secretmanager.googleapis.com/v1/projects/bujit-89ac6/secrets/TELLER_PRIVATE_KEY/versions/latest {"name":"projects/533939418471/secrets/TELLER_PRIVATE_KEY/versions/2","createTime":"2026-06-20T21:26:07.676938Z","state":"ENABLED","replicationStatus":{"automatic":{}},"etag":"\"1654b60eb34e0a\""}
[debug] [2026-06-26T00:09:14.663Z] Resolved secret version of TELLER_PRIVATE_KEY to 2.
[debug] [2026-06-26T00:09:14.675Z] <<< [apiv2][status] GET https://secretmanager.googleapis.com/v1/projects/bujit-89ac6/secrets/PLAID_SECRET_SANDBOX/versions/latest 200
[debug] [2026-06-26T00:09:14.675Z] <<< [apiv2][body] GET https://secretmanager.googleapis.com/v1/projects/bujit-89ac6/secrets/PLAID_SECRET_SANDBOX/versions/latest {"name":"projects/533939418471/secrets/PLAID_SECRET_SANDBOX/versions/1","createTime":"2026-06-24T21:53:12.917290Z","state":"ENABLED","replicationStatus":{"automatic":{}},"etag":"\"165506e6f0012a\""}
[debug] [2026-06-26T00:09:14.675Z] Resolved secret version of PLAID_SECRET_SANDBOX to 1.
[debug] [2026-06-26T00:09:14.687Z] <<< [apiv2][status] GET https://secretmanager.googleapis.com/v1/projects/bujit-89ac6/secrets/PLAID_CLIENT_ID/versions/latest 200
[debug] [2026-06-26T00:09:14.687Z] <<< [apiv2][body] GET https://secretmanager.googleapis.com/v1/projects/bujit-89ac6/secrets/PLAID_CLIENT_ID/versions/latest {"name":"projects/533939418471/secrets/PLAID_CLIENT_ID/versions/1","createTime":"2026-06-24T00:49:44.538130Z","state":"ENABLED","replicationStatus":{"automatic":{}},"etag":"\"1654f54067f012\""}
[debug] [2026-06-26T00:09:14.687Z] Resolved secret version of PLAID_CLIENT_ID to 1.
[debug] [2026-06-26T00:09:14.712Z] <<< [apiv2][status] GET https://secretmanager.googleapis.com/v1/projects/bujit-89ac6/secrets/TELLER_CERT/versions/latest 200
[debug] [2026-06-26T00:09:14.712Z] <<< [apiv2][body] GET https://secretmanager.googleapis.com/v1/projects/bujit-89ac6/secrets/TELLER_CERT/versions/latest {"name":"projects/533939418471/secrets/TELLER_CERT/versions/2","createTime":"2026-06-20T21:25:37.155Z","state":"ENABLED","replicationStatus":{"automatic":{}},"etag":"\"1654b60ce193b8\""}
[debug] [2026-06-26T00:09:14.712Z] Resolved secret version of TELLER_CERT to 2.
[debug] [2026-06-26T00:09:14.713Z] Checked if tokens are valid: true, expires at: 1782436132978
[debug] [2026-06-26T00:09:14.714Z] Checked if tokens are valid: true, expires at: 1782436132978
[debug] [2026-06-26T00:09:14.714Z] >>> [apiv2][query] GET https://cloudresourcemanager.googleapis.com/v1/projects/bujit-89ac6 [none]
[debug] [2026-06-26T00:09:14.931Z] <<< [apiv2][status] GET https://cloudresourcemanager.googleapis.com/v1/projects/bujit-89ac6 200
[debug] [2026-06-26T00:09:14.931Z] <<< [apiv2][body] GET https://cloudresourcemanager.googleapis.com/v1/projects/bujit-89ac6 {"projectNumber":"533939418471","projectId":"bujit-89ac6","lifecycleState":"ACTIVE","name":"Bujit-Backend","labels":{"firebase":"enabled","firebase-core":"disabled"},"createTime":"2026-06-20T18:59:37.618Z"}
[debug] [2026-06-26T00:09:14.931Z] Checked if tokens are valid: true, expires at: 1782436132978
[debug] [2026-06-26T00:09:14.931Z] Checked if tokens are valid: true, expires at: 1782436132978
[debug] [2026-06-26T00:09:14.931Z] >>> [apiv2][query] GET https://compute.googleapis.com/compute/v1/projects/533939418471 [none]
[debug] [2026-06-26T00:09:15.043Z] <<< [apiv2][status] GET https://compute.googleapis.com/compute/v1/projects/533939418471 403
[debug] [2026-06-26T00:09:15.043Z] <<< [apiv2][body] GET https://compute.googleapis.com/compute/v1/projects/533939418471 {"error":{"code":403,"message":"Compute Engine API has not been used in project 533939418471 before or it is disabled. Enable it by visiting https://console.developers.google.com/apis/api/compute.googleapis.com/overview?project=533939418471 then retry. If you enabled this API recently, wait a few minutes for the action to propagate to our systems and retry.","errors":[{"message":"Compute Engine API has not been used in project 533939418471 before or it is disabled. Enable it by visiting https://console.developers.google.com/apis/api/compute.googleapis.com/overview?project=533939418471 then retry. If you enabled this API recently, wait a few minutes for the action to propagate to our systems and retry.","domain":"usageLimits","reason":"accessNotConfigured","extendedHelp":"https://console.developers.google.com"}],"status":"PERMISSION_DENIED","details":[{"@type":"type.googleapis.com/google.rpc.ErrorInfo","reason":"SERVICE_DISABLED","domain":"googleapis.com","metadata":{"activationUrl":"https://console.developers.google.com/apis/api/compute.googleapis.com/overview?project=533939418471","containerInfo":"533939418471","serviceTitle":"Compute Engine API","consumer":"projects/533939418471","service":"compute.googleapis.com"}},{"@type":"type.googleapis.com/google.rpc.LocalizedMessage","locale":"en-US","message":"Compute Engine API has not been used in project 533939418471 before or it is disabled. Enable it by visiting https://console.developers.google.com/apis/api/compute.googleapis.com/overview?project=533939418471 then retry. If you enabled this API recently, wait a few minutes for the action to propagate to our systems and retry."},{"@type":"type.googleapis.com/google.rpc.Help","links":[{"description":"Google developers console API activation","url":"https://console.developers.google.com/apis/api/compute.googleapis.com/overview?project=533939418471"}]}]}}
[debug] [2026-06-26T00:09:15.043Z] unable to look up default compute service account. Falling back to 533939418471-compute@developer.gserviceaccount.com. Error: {"name":"FirebaseError","children":[],"context":{"body":{"error":{"code":403,"message":"Compute Engine API has not been used in project 533939418471 before or it is disabled. Enable it by visiting https://console.developers.google.com/apis/api/compute.googleapis.com/overview?project=533939418471 then retry. If you enabled this API recently, wait a few minutes for the action to propagate to our systems and retry.","errors":[{"message":"Compute Engine API has not been used in project 533939418471 before or it is disabled. Enable it by visiting https://console.developers.google.com/apis/api/compute.googleapis.com/overview?project=533939418471 then retry. If you enabled this API recently, wait a few minutes for the action to propagate to our systems and retry.","domain":"usageLimits","reason":"accessNotConfigured","extendedHelp":"https://console.developers.google.com"}],"status":"PERMISSION_DENIED","details":[{"@type":"type.googleapis.com/google.rpc.ErrorInfo","reason":"SERVICE_DISABLED","domain":"googleapis.com","metadata":{"activationUrl":"https://console.developers.google.com/apis/api/compute.googleapis.com/overview?project=533939418471","containerInfo":"533939418471","serviceTitle":"Compute Engine API","consumer":"projects/533939418471","service":"compute.googleapis.com"}},{"@type":"type.googleapis.com/google.rpc.LocalizedMessage","locale":"en-US","message":"Compute Engine API has not been used in project 533939418471 before or it is disabled. Enable it by visiting https://console.developers.google.com/apis/api/compute.googleapis.com/overview?project=533939418471 then retry. If you enabled this API recently, wait a few minutes for the action to propagate to our systems and retry."},{"@type":"type.googleapis.com/google.rpc.Help","links":[{"description":"Google developers console API activation","url":"https://console.developers.google.com/apis/api/compute.googleapis.com/overview?project=533939418471"}]}]}},"response":{"statusCode":403}},"exit":1,"message":"Request to https://compute.googleapis.com/compute/v1/projects/533939418471 had HTTP Error: 403, Compute Engine API has not been used in project 533939418471 before or it is disabled. Enable it by visiting https://console.developers.google.com/apis/api/compute.googleapis.com/overview?project=533939418471 then retry. If you enabled this API recently, wait a few minutes for the action to propagate to our systems and retry.","status":403}
[debug] [2026-06-26T00:09:15.044Z] Checked if tokens are valid: true, expires at: 1782436132978
[debug] [2026-06-26T00:09:15.044Z] Checked if tokens are valid: true, expires at: 1782436132978
[debug] [2026-06-26T00:09:15.044Z] >>> [apiv2][query] GET https://cloudbilling.googleapis.com/v1/projects/bujit-89ac6/billingInfo [none]
[debug] [2026-06-26T00:09:15.510Z] <<< [apiv2][status] GET https://cloudbilling.googleapis.com/v1/projects/bujit-89ac6/billingInfo 200
[debug] [2026-06-26T00:09:15.511Z] <<< [apiv2][body] GET https://cloudbilling.googleapis.com/v1/projects/bujit-89ac6/billingInfo {"name":"projects/bujit-89ac6/billingInfo","projectId":"bujit-89ac6","billingAccountName":"billingAccounts/01DD31-DE8AEB-040D6C","billingEnabled":true}
[debug] [2026-06-26T00:09:15.512Z] Checked if tokens are valid: true, expires at: 1782436132978
[debug] [2026-06-26T00:09:15.512Z] Checked if tokens are valid: true, expires at: 1782436132978
[debug] [2026-06-26T00:09:15.512Z] >>> [apiv2][query] POST https://cloudfunctions.googleapis.com/v2/projects/bujit-89ac6/locations/us-central1/functions:generateUploadUrl [none]
[debug] [2026-06-26T00:09:15.747Z] <<< [apiv2][status] POST https://cloudfunctions.googleapis.com/v2/projects/bujit-89ac6/locations/us-central1/functions:generateUploadUrl 200
[debug] [2026-06-26T00:09:15.747Z] <<< [apiv2][body] POST https://cloudfunctions.googleapis.com/v2/projects/bujit-89ac6/locations/us-central1/functions:generateUploadUrl {"uploadUrl":"https://storage.googleapis.com/gcf-v2-uploads-533939418471.us-central1.cloudfunctions.appspot.com/117c7fd7-706e-4e2c-89aa-a3190c5ce36f.zip?GoogleAccessId=service-533939418471@gcf-admin-robot.iam.gserviceaccount.com&Expires=1782434354&Signature=KVox8T9mk%2BgffCdk2VeKlL%2B0LnJ2tdYttiTupB90eUbziLzDwroF2TuBBAX060NSSzdkjbUC2Of%2BpBdMQ5F3x5VCuAZImy8cocwWfuJEg3d2ju3fRtqPhLks2S09NDMs0V5SaGwmSKZ2x%2FfHPrdN92fxwYd8oZVZ8jsIF%2F8rWI3x0dyNuM22o%2Fy7%2B3Kr%2BzX3tn2rEgWg6WA2gC%2FozDh4Qr0HDzb7XZMh3mIxDKYd3QgDQ%2F8YmnT7O%2BWLJ7NvP0WAZfRtDw10rXzq8PeALDXGdycvos6PggSYTMuGNKIQaL8PYmxDlXPzxOYfNgd4fUqhT0oXRKowcuO9Qne4AMc7sg%3D%3D","storageSource":{"bucket":"gcf-v2-uploads-533939418471.us-central1.cloudfunctions.appspot.com","object":"117c7fd7-706e-4e2c-89aa-a3190c5ce36f.zip"}}
[debug] [2026-06-26T00:09:15.749Z] >>> [apiv2][query] PUT https://storage.googleapis.com/gcf-v2-uploads-533939418471.us-central1.cloudfunctions.appspot.com/117c7fd7-706e-4e2c-89aa-a3190c5ce36f.zip GoogleAccessId=service-533939418471%40gcf-admin-robot.iam.gserviceaccount.com&Expires=1782434354&Signature=KVox8T9mk%2BgffCdk2VeKlL%2B0LnJ2tdYttiTupB90eUbziLzDwroF2TuBBAX060NSSzdkjbUC2Of%2BpBdMQ5F3x5VCuAZImy8cocwWfuJEg3d2ju3fRtqPhLks2S09NDMs0V5SaGwmSKZ2x%2FfHPrdN92fxwYd8oZVZ8jsIF%2F8rWI3x0dyNuM22o%2Fy7%2B3Kr%2BzX3tn2rEgWg6WA2gC%2FozDh4Qr0HDzb7XZMh3mIxDKYd3QgDQ%2F8YmnT7O%2BWLJ7NvP0WAZfRtDw10rXzq8PeALDXGdycvos6PggSYTMuGNKIQaL8PYmxDlXPzxOYfNgd4fUqhT0oXRKowcuO9Qne4AMc7sg%3D%3D
[debug] [2026-06-26T00:09:15.749Z] >>> [apiv2][body] PUT https://storage.googleapis.com/gcf-v2-uploads-533939418471.us-central1.cloudfunctions.appspot.com/117c7fd7-706e-4e2c-89aa-a3190c5ce36f.zip [stream]
[debug] [2026-06-26T00:09:16.067Z] <<< [apiv2][status] PUT https://storage.googleapis.com/gcf-v2-uploads-533939418471.us-central1.cloudfunctions.appspot.com/117c7fd7-706e-4e2c-89aa-a3190c5ce36f.zip 200
[debug] [2026-06-26T00:09:16.067Z] <<< [apiv2][body] PUT https://storage.googleapis.com/gcf-v2-uploads-533939418471.us-central1.cloudfunctions.appspot.com/117c7fd7-706e-4e2c-89aa-a3190c5ce36f.zip [omitted]
[info] +  functions: functions source uploaded successfully 
[info] i  functions: updating Node.js 24 (2nd Gen) function tellerProxy(us-central1)... 
[debug] [2026-06-26T00:09:16.070Z] Checked if tokens are valid: true, expires at: 1782436132978
[debug] [2026-06-26T00:09:16.070Z] Checked if tokens are valid: true, expires at: 1782436132978
[debug] [2026-06-26T00:09:16.070Z] >>> [apiv2][query] PATCH https://cloudfunctions.googleapis.com/v2/projects/bujit-89ac6/locations/us-central1/functions/tellerProxy updateMask=name%2CbuildConfig.runtime%2CbuildConfig.entryPoint%2CbuildConfig.source.storageSource.bucket%2CbuildConfig.source.storageSource.object%2CbuildConfig.environmentVariables%2CbuildConfig.sourceToken%2CserviceConfig.environmentVariables%2CserviceConfig.secretEnvironmentVariables%2CserviceConfig.ingressSettings%2CserviceConfig.timeoutSeconds%2CserviceConfig.serviceAccountEmail%2CserviceConfig.availableMemory%2CserviceConfig.minInstanceCount%2CserviceConfig.maxInstanceCount%2CserviceConfig.maxInstanceRequestConcurrency%2CserviceConfig.availableCpu%2CserviceConfig.vpcConnector%2CserviceConfig.vpcConnectorEgressSettings%2CserviceConfig.directVpcNetworkInterface%2CserviceConfig.directVpcEgress%2Clabels
[debug] [2026-06-26T00:09:16.070Z] >>> [apiv2][body] PATCH https://cloudfunctions.googleapis.com/v2/projects/bujit-89ac6/locations/us-central1/functions/tellerProxy {"name":"projects/bujit-89ac6/locations/us-central1/functions/tellerProxy","buildConfig":{"runtime":"nodejs24","entryPoint":"tellerProxy","source":{"storageSource":{"bucket":"gcf-v2-uploads-533939418471.us-central1.cloudfunctions.appspot.com","object":"117c7fd7-706e-4e2c-89aa-a3190c5ce36f.zip"}},"environmentVariables":{"GOOGLE_NODE_RUN_SCRIPTS":""}},"serviceConfig":{"environmentVariables":{"PLAID_ENV":"production","ENFORCE_APP_CHECK":"true","FIREBASE_CONFIG":"{\"projectId\":\"bujit-89ac6\",\"storageBucket\":\"bujit-89ac6.firebasestorage.app\"}","GCLOUD_PROJECT":"bujit-89ac6","EVENTARC_CLOUD_EVENT_SOURCE":"projects/bujit-89ac6/locations/us-central1/services/tellerProxy","FUNCTION_TARGET":"tellerProxy","LOG_EXECUTION_ID":"true"},"secretEnvironmentVariables":[{"key":"TELLER_CERT","secret":"TELLER_CERT","projectId":"bujit-89ac6","version":"2"},{"key":"TELLER_PRIVATE_KEY","secret":"TELLER_PRIVATE_KEY","projectId":"bujit-89ac6","version":"2"},{"key":"PLAID_CLIENT_ID","secret":"PLAID_CLIENT_ID","projectId":"bujit-89ac6","version":"1"},{"key":"PLAID_SECRET_SANDBOX","secret":"PLAID_SECRET_SANDBOX","projectId":"bujit-89ac6","version":"1"},{"key":"PLAID_SECRET_PRODUCTION","secret":"PLAID_SECRET_PRODUCTION","projectId":"bujit-89ac6","version":"1"}],"ingressSettings":null,"timeoutSeconds":null,"serviceAccountEmail":null,"availableMemory":"256Mi","minInstanceCount":null,"maxInstanceCount":10,"maxInstanceRequestConcurrency":80,"availableCpu":"1","vpcConnector":null,"vpcConnectorEgressSettings":null,"directVpcNetworkInterface":null,"directVpcEgress":null},"labels":{"deployment-tool":"cli-firebase","firebase-functions-hash":"6be02784ce89920283f94c6e91f7679a7573086b"}}
[debug] [2026-06-26T00:09:17.681Z] <<< [apiv2][status] PATCH https://cloudfunctions.googleapis.com/v2/projects/bujit-89ac6/locations/us-central1/functions/tellerProxy 200
[debug] [2026-06-26T00:09:17.681Z] <<< [apiv2][body] PATCH https://cloudfunctions.googleapis.com/v2/projects/bujit-89ac6/locations/us-central1/functions/tellerProxy {"name":"projects/bujit-89ac6/locations/us-central1/operations/operation-1782432555260-6551ceb4ad91a-a1e66d50-9d829097","metadata":{"@type":"type.googleapis.com/google.cloud.functions.v2.OperationMetadata","createTime":"2026-06-26T00:09:16.699371163Z","target":"projects/bujit-89ac6/locations/us-central1/functions/tellerProxy","verb":"update","cancelRequested":false,"apiVersion":"v2"},"done":false}
[debug] [2026-06-26T00:09:17.682Z] Checked if tokens are valid: true, expires at: 1782436132978
[debug] [2026-06-26T00:09:17.682Z] Checked if tokens are valid: true, expires at: 1782436132978
[debug] [2026-06-26T00:09:17.682Z] >>> [apiv2][query] GET https://cloudfunctions.googleapis.com/v2/projects/bujit-89ac6/locations/us-central1/operations/operation-1782432555260-6551ceb4ad91a-a1e66d50-9d829097 [none]
[debug] [2026-06-26T00:09:17.798Z] <<< [apiv2][status] GET https://cloudfunctions.googleapis.com/v2/projects/bujit-89ac6/locations/us-central1/operations/operation-1782432555260-6551ceb4ad91a-a1e66d50-9d829097 200
[debug] [2026-06-26T00:09:17.798Z] <<< [apiv2][body] GET https://cloudfunctions.googleapis.com/v2/projects/bujit-89ac6/locations/us-central1/operations/operation-1782432555260-6551ceb4ad91a-a1e66d50-9d829097 {"name":"projects/bujit-89ac6/locations/us-central1/operations/operation-1782432555260-6551ceb4ad91a-a1e66d50-9d829097","metadata":{"@type":"type.googleapis.com/google.cloud.functions.v2.OperationMetadata","createTime":"2026-06-26T00:09:16.699371163Z","target":"projects/bujit-89ac6/locations/us-central1/functions/tellerProxy","verb":"update","cancelRequested":false,"apiVersion":"v2"},"done":false}
[debug] [2026-06-26T00:09:18.308Z] [update-default-us-central1-tellerProxy] Retrying task index 0
[debug] [2026-06-26T00:09:18.308Z] Checked if tokens are valid: true, expires at: 1782436132978
[debug] [2026-06-26T00:09:18.308Z] Checked if tokens are valid: true, expires at: 1782436132978
[debug] [2026-06-26T00:09:18.308Z] >>> [apiv2][query] GET https://cloudfunctions.googleapis.com/v2/projects/bujit-89ac6/locations/us-central1/operations/operation-1782432555260-6551ceb4ad91a-a1e66d50-9d829097 [none]
[debug] [2026-06-26T00:09:18.415Z] <<< [apiv2][status] GET https://cloudfunctions.googleapis.com/v2/projects/bujit-89ac6/locations/us-central1/operations/operation-1782432555260-6551ceb4ad91a-a1e66d50-9d829097 200
[debug] [2026-06-26T00:09:18.415Z] <<< [apiv2][body] GET https://cloudfunctions.googleapis.com/v2/projects/bujit-89ac6/locations/us-central1/operations/operation-1782432555260-6551ceb4ad91a-a1e66d50-9d829097 {"name":"projects/bujit-89ac6/locations/us-central1/operations/operation-1782432555260-6551ceb4ad91a-a1e66d50-9d829097","metadata":{"@type":"type.googleapis.com/google.cloud.functions.v2.OperationMetadata","createTime":"2026-06-26T00:09:16.699371163Z","target":"projects/bujit-89ac6/locations/us-central1/functions/tellerProxy","verb":"update","cancelRequested":false,"apiVersion":"v2","requestResource":{"@type":"type.googleapis.com/google.cloud.functions.v2.Function","name":"projects/bujit-89ac6/locations/us-central1/functions/tellerProxy","buildConfig":{"runtime":"nodejs24","entryPoint":"tellerProxy","source":{"storageSource":{"bucket":"gcf-v2-sources-533939418471-us-central1","object":"tellerProxy/function-source.zip","generation":"1782432556609498"}},"environmentVariables":{"GOOGLE_NODE_RUN_SCRIPTS":""},"dockerRepository":"projects/bujit-89ac6/locations/us-central1/repositories/gcf-artifacts","sourceProvenance":{"resolvedStorageSource":{"bucket":"gcf-v2-sources-533939418471-us-central1","object":"tellerProxy/function-source.zip","generation":"1782341041454391"}},"dockerRegistry":"ARTIFACT_REGISTRY","serviceAccount":"projects/bujit-89ac6/serviceAccounts/533939418471-compute@developer.gserviceaccount.com","automaticUpdatePolicy":{}},"serviceConfig":{"service":"projects/bujit-89ac6/locations/us-central1/services/tellerproxy","timeoutSeconds":60,"environmentVariables":{"PLAID_ENV":"production","ENFORCE_APP_CHECK":"true","FIREBASE_CONFIG":"{\"projectId\":\"bujit-89ac6\",\"storageBucket\":\"bujit-89ac6.firebasestorage.app\"}","GCLOUD_PROJECT":"bujit-89ac6","EVENTARC_CLOUD_EVENT_SOURCE":"projects/bujit-89ac6/locations/us-central1/services/tellerProxy","FUNCTION_TARGET":"tellerProxy","LOG_EXECUTION_ID":"true"},"maxInstanceCount":10,"ingressSettings":"ALLOW_ALL","uri":"https://tellerproxy-kswzrkdipq-uc.a.run.app","serviceAccountEmail":"533939418471-compute@developer.gserviceaccount.com","availableMemory":"256Mi","allTrafficOnLatestRevision":true,"secretEnvironmentVariables":[{"key":"TELLER_CERT","projectId":"bujit-89ac6","secret":"TELLER_CERT","version":"2"},{"key":"TELLER_PRIVATE_KEY","projectId":"bujit-89ac6","secret":"TELLER_PRIVATE_KEY","version":"2"},{"key":"PLAID_CLIENT_ID","projectId":"bujit-89ac6","secret":"PLAID_CLIENT_ID","version":"1"},{"key":"PLAID_SECRET_SANDBOX","projectId":"bujit-89ac6","secret":"PLAID_SECRET_SANDBOX","version":"1"},{"key":"PLAID_SECRET_PRODUCTION","projectId":"bujit-89ac6","secret":"PLAID_SECRET_PRODUCTION","version":"1"}],"revision":"tellerproxy-00018-reb","maxInstanceRequestConcurrency":80,"availableCpu":"1"},"state":"ACTIVE","labels":{"deployment-tool":"cloudfunctions","firebase-functions-hash":"6be02784ce89920283f94c6e91f7679a7573086b"},"environment":"GEN_2","url":"https://us-central1-bujit-89ac6.cloudfunctions.net/tellerProxy","satisfiesPzi":true},"stages":[{"name":"BUILD","state":"NOT_STARTED"},{"name":"SERVICE","state":"NOT_STARTED"}],"operationType":"UPDATE_FUNCTION"},"done":false}
[debug] [2026-06-26T00:09:19.425Z] [update-default-us-central1-tellerProxy] Retrying task index 0
[debug] [2026-06-26T00:09:19.426Z] Checked if tokens are valid: true, expires at: 1782436132978
[debug] [2026-06-26T00:09:19.426Z] Checked if tokens are valid: true, expires at: 1782436132978
[debug] [2026-06-26T00:09:19.426Z] >>> [apiv2][query] GET https://cloudfunctions.googleapis.com/v2/projects/bujit-89ac6/locations/us-central1/operations/operation-1782432555260-6551ceb4ad91a-a1e66d50-9d829097 [none]
[debug] [2026-06-26T00:09:19.550Z] <<< [apiv2][status] GET https://cloudfunctions.googleapis.com/v2/projects/bujit-89ac6/locations/us-central1/operations/operation-1782432555260-6551ceb4ad91a-a1e66d50-9d829097 200
[debug] [2026-06-26T00:09:19.550Z] <<< [apiv2][body] GET https://cloudfunctions.googleapis.com/v2/projects/bujit-89ac6/locations/us-central1/operations/operation-1782432555260-6551ceb4ad91a-a1e66d50-9d829097 {"name":"projects/bujit-89ac6/locations/us-central1/operations/operation-1782432555260-6551ceb4ad91a-a1e66d50-9d829097","metadata":{"@type":"type.googleapis.com/google.cloud.functions.v2.OperationMetadata","createTime":"2026-06-26T00:09:16.699371163Z","target":"projects/bujit-89ac6/locations/us-central1/functions/tellerProxy","verb":"update","cancelRequested":false,"apiVersion":"v2","requestResource":{"@type":"type.googleapis.com/google.cloud.functions.v2.Function","name":"projects/bujit-89ac6/locations/us-central1/functions/tellerProxy","buildConfig":{"runtime":"nodejs24","entryPoint":"tellerProxy","source":{"storageSource":{"bucket":"gcf-v2-sources-533939418471-us-central1","object":"tellerProxy/function-source.zip","generation":"1782432556609498"}},"environmentVariables":{"GOOGLE_NODE_RUN_SCRIPTS":""},"dockerRepository":"projects/bujit-89ac6/locations/us-central1/repositories/gcf-artifacts","sourceProvenance":{"resolvedStorageSource":{"bucket":"gcf-v2-sources-533939418471-us-central1","object":"tellerProxy/function-source.zip","generation":"1782341041454391"}},"dockerRegistry":"ARTIFACT_REGISTRY","serviceAccount":"projects/bujit-89ac6/serviceAccounts/533939418471-compute@developer.gserviceaccount.com","automaticUpdatePolicy":{}},"serviceConfig":{"service":"projects/bujit-89ac6/locations/us-central1/services/tellerproxy","timeoutSeconds":60,"environmentVariables":{"PLAID_ENV":"production","ENFORCE_APP_CHECK":"true","FIREBASE_CONFIG":"{\"projectId\":\"bujit-89ac6\",\"storageBucket\":\"bujit-89ac6.firebasestorage.app\"}","GCLOUD_PROJECT":"bujit-89ac6","EVENTARC_CLOUD_EVENT_SOURCE":"projects/bujit-89ac6/locations/us-central1/services/tellerProxy","FUNCTION_TARGET":"tellerProxy","LOG_EXECUTION_ID":"true"},"maxInstanceCount":10,"ingressSettings":"ALLOW_ALL","uri":"https://tellerproxy-kswzrkdipq-uc.a.run.app","serviceAccountEmail":"533939418471-compute@developer.gserviceaccount.com","availableMemory":"256Mi","allTrafficOnLatestRevision":true,"secretEnvironmentVariables":[{"key":"TELLER_CERT","projectId":"bujit-89ac6","secret":"TELLER_CERT","version":"2"},{"key":"TELLER_PRIVATE_KEY","projectId":"bujit-89ac6","secret":"TELLER_PRIVATE_KEY","version":"2"},{"key":"PLAID_CLIENT_ID","projectId":"bujit-89ac6","secret":"PLAID_CLIENT_ID","version":"1"},{"key":"PLAID_SECRET_SANDBOX","projectId":"bujit-89ac6","secret":"PLAID_SECRET_SANDBOX","version":"1"},{"key":"PLAID_SECRET_PRODUCTION","projectId":"bujit-89ac6","secret":"PLAID_SECRET_PRODUCTION","version":"1"}],"revision":"tellerproxy-00018-reb","maxInstanceRequestConcurrency":80,"availableCpu":"1"},"state":"ACTIVE","labels":{"deployment-tool":"cloudfunctions","firebase-functions-hash":"6be02784ce89920283f94c6e91f7679a7573086b"},"environment":"GEN_2","url":"https://us-central1-bujit-89ac6.cloudfunctions.net/tellerProxy","satisfiesPzi":true},"stages":[{"name":"BUILD","message":"Build in progress","state":"IN_PROGRESS","resource":"projects/533939418471/locations/us-central1/builds/5f77e0a2-b3b3-480a-8b88-4e1a63b96c08","resourceUri":"https://console.cloud.google.com/cloud-build/builds;region=us-central1/5f77e0a2-b3b3-480a-8b88-4e1a63b96c08?project=533939418471"},{"name":"SERVICE","state":"NOT_STARTED"}],"operationType":"UPDATE_FUNCTION","buildName":"projects/533939418471/locations/us-central1/builds/5f77e0a2-b3b3-480a-8b88-4e1a63b96c08"},"done":false}
[debug] [2026-06-26T00:09:21.558Z] [update-default-us-central1-tellerProxy] Retrying task index 0
[debug] [2026-06-26T00:09:21.558Z] Checked if tokens are valid: true, expires at: 1782436132978
[debug] [2026-06-26T00:09:21.558Z] Checked if tokens are valid: true, expires at: 1782436132978
[debug] [2026-06-26T00:09:21.558Z] >>> [apiv2][query] GET https://cloudfunctions.googleapis.com/v2/projects/bujit-89ac6/locations/us-central1/operations/operation-1782432555260-6551ceb4ad91a-a1e66d50-9d829097 [none]
[debug] [2026-06-26T00:09:21.698Z] <<< [apiv2][status] GET https://cloudfunctions.googleapis.com/v2/projects/bujit-89ac6/locations/us-central1/operations/operation-1782432555260-6551ceb4ad91a-a1e66d50-9d829097 200
[debug] [2026-06-26T00:09:21.698Z] <<< [apiv2][body] GET https://cloudfunctions.googleapis.com/v2/projects/bujit-89ac6/locations/us-central1/operations/operation-1782432555260-6551ceb4ad91a-a1e66d50-9d829097 {"name":"projects/bujit-89ac6/locations/us-central1/operations/operation-1782432555260-6551ceb4ad91a-a1e66d50-9d829097","metadata":{"@type":"type.googleapis.com/google.cloud.functions.v2.OperationMetadata","createTime":"2026-06-26T00:09:16.699371163Z","target":"projects/bujit-89ac6/locations/us-central1/functions/tellerProxy","verb":"update","cancelRequested":false,"apiVersion":"v2","requestResource":{"@type":"type.googleapis.com/google.cloud.functions.v2.Function","name":"projects/bujit-89ac6/locations/us-central1/functions/tellerProxy","buildConfig":{"runtime":"nodejs24","entryPoint":"tellerProxy","source":{"storageSource":{"bucket":"gcf-v2-sources-533939418471-us-central1","object":"tellerProxy/function-source.zip","generation":"1782432556609498"}},"environmentVariables":{"GOOGLE_NODE_RUN_SCRIPTS":""},"dockerRepository":"projects/bujit-89ac6/locations/us-central1/repositories/gcf-artifacts","sourceProvenance":{"resolvedStorageSource":{"bucket":"gcf-v2-sources-533939418471-us-central1","object":"tellerProxy/function-source.zip","generation":"1782341041454391"}},"dockerRegistry":"ARTIFACT_REGISTRY","serviceAccount":"projects/bujit-89ac6/serviceAccounts/533939418471-compute@developer.gserviceaccount.com","automaticUpdatePolicy":{}},"serviceConfig":{"service":"projects/bujit-89ac6/locations/us-central1/services/tellerproxy","timeoutSeconds":60,"environmentVariables":{"PLAID_ENV":"production","ENFORCE_APP_CHECK":"true","FIREBASE_CONFIG":"{\"projectId\":\"bujit-89ac6\",\"storageBucket\":\"bujit-89ac6.firebasestorage.app\"}","GCLOUD_PROJECT":"bujit-89ac6","EVENTARC_CLOUD_EVENT_SOURCE":"projects/bujit-89ac6/locations/us-central1/services/tellerProxy","FUNCTION_TARGET":"tellerProxy","LOG_EXECUTION_ID":"true"},"maxInstanceCount":10,"ingressSettings":"ALLOW_ALL","uri":"https://tellerproxy-kswzrkdipq-uc.a.run.app","serviceAccountEmail":"533939418471-compute@developer.gserviceaccount.com","availableMemory":"256Mi","allTrafficOnLatestRevision":true,"secretEnvironmentVariables":[{"key":"TELLER_CERT","projectId":"bujit-89ac6","secret":"TELLER_CERT","version":"2"},{"key":"TELLER_PRIVATE_KEY","projectId":"bujit-89ac6","secret":"TELLER_PRIVATE_KEY","version":"2"},{"key":"PLAID_CLIENT_ID","projectId":"bujit-89ac6","secret":"PLAID_CLIENT_ID","version":"1"},{"key":"PLAID_SECRET_SANDBOX","projectId":"bujit-89ac6","secret":"PLAID_SECRET_SANDBOX","version":"1"},{"key":"PLAID_SECRET_PRODUCTION","projectId":"bujit-89ac6","secret":"PLAID_SECRET_PRODUCTION","version":"1"}],"revision":"tellerproxy-00018-reb","maxInstanceRequestConcurrency":80,"availableCpu":"1"},"state":"ACTIVE","labels":{"deployment-tool":"cloudfunctions","firebase-functions-hash":"6be02784ce89920283f94c6e91f7679a7573086b"},"environment":"GEN_2","url":"https://us-central1-bujit-89ac6.cloudfunctions.net/tellerProxy","satisfiesPzi":true},"stages":[{"name":"BUILD","message":"Build in progress","state":"IN_PROGRESS","resource":"projects/533939418471/locations/us-central1/builds/5f77e0a2-b3b3-480a-8b88-4e1a63b96c08","resourceUri":"https://console.cloud.google.com/cloud-build/builds;region=us-central1/5f77e0a2-b3b3-480a-8b88-4e1a63b96c08?project=533939418471"},{"name":"SERVICE","state":"NOT_STARTED"}],"operationType":"UPDATE_FUNCTION","buildName":"projects/533939418471/locations/us-central1/builds/5f77e0a2-b3b3-480a-8b88-4e1a63b96c08"},"done":false}
[debug] [2026-06-26T00:09:25.698Z] [update-default-us-central1-tellerProxy] Retrying task index 0
[debug] [2026-06-26T00:09:25.698Z] Checked if tokens are valid: true, expires at: 1782436132978
[debug] [2026-06-26T00:09:25.698Z] Checked if tokens are valid: true, expires at: 1782436132978
[debug] [2026-06-26T00:09:25.698Z] >>> [apiv2][query] GET https://cloudfunctions.googleapis.com/v2/projects/bujit-89ac6/locations/us-central1/operations/operation-1782432555260-6551ceb4ad91a-a1e66d50-9d829097 [none]
[debug] [2026-06-26T00:09:25.807Z] <<< [apiv2][status] GET https://cloudfunctions.googleapis.com/v2/projects/bujit-89ac6/locations/us-central1/operations/operation-1782432555260-6551ceb4ad91a-a1e66d50-9d829097 200
[debug] [2026-06-26T00:09:25.807Z] <<< [apiv2][body] GET https://cloudfunctions.googleapis.com/v2/projects/bujit-89ac6/locations/us-central1/operations/operation-1782432555260-6551ceb4ad91a-a1e66d50-9d829097 {"name":"projects/bujit-89ac6/locations/us-central1/operations/operation-1782432555260-6551ceb4ad91a-a1e66d50-9d829097","metadata":{"@type":"type.googleapis.com/google.cloud.functions.v2.OperationMetadata","createTime":"2026-06-26T00:09:16.699371163Z","target":"projects/bujit-89ac6/locations/us-central1/functions/tellerProxy","verb":"update","cancelRequested":false,"apiVersion":"v2","requestResource":{"@type":"type.googleapis.com/google.cloud.functions.v2.Function","name":"projects/bujit-89ac6/locations/us-central1/functions/tellerProxy","buildConfig":{"runtime":"nodejs24","entryPoint":"tellerProxy","source":{"storageSource":{"bucket":"gcf-v2-sources-533939418471-us-central1","object":"tellerProxy/function-source.zip","generation":"1782432556609498"}},"environmentVariables":{"GOOGLE_NODE_RUN_SCRIPTS":""},"dockerRepository":"projects/bujit-89ac6/locations/us-central1/repositories/gcf-artifacts","sourceProvenance":{"resolvedStorageSource":{"bucket":"gcf-v2-sources-533939418471-us-central1","object":"tellerProxy/function-source.zip","generation":"1782341041454391"}},"dockerRegistry":"ARTIFACT_REGISTRY","serviceAccount":"projects/bujit-89ac6/serviceAccounts/533939418471-compute@developer.gserviceaccount.com","automaticUpdatePolicy":{}},"serviceConfig":{"service":"projects/bujit-89ac6/locations/us-central1/services/tellerproxy","timeoutSeconds":60,"environmentVariables":{"PLAID_ENV":"production","ENFORCE_APP_CHECK":"true","FIREBASE_CONFIG":"{\"projectId\":\"bujit-89ac6\",\"storageBucket\":\"bujit-89ac6.firebasestorage.app\"}","GCLOUD_PROJECT":"bujit-89ac6","EVENTARC_CLOUD_EVENT_SOURCE":"projects/bujit-89ac6/locations/us-central1/services/tellerProxy","FUNCTION_TARGET":"tellerProxy","LOG_EXECUTION_ID":"true"},"maxInstanceCount":10,"ingressSettings":"ALLOW_ALL","uri":"https://tellerproxy-kswzrkdipq-uc.a.run.app","serviceAccountEmail":"533939418471-compute@developer.gserviceaccount.com","availableMemory":"256Mi","allTrafficOnLatestRevision":true,"secretEnvironmentVariables":[{"key":"TELLER_CERT","projectId":"bujit-89ac6","secret":"TELLER_CERT","version":"2"},{"key":"TELLER_PRIVATE_KEY","projectId":"bujit-89ac6","secret":"TELLER_PRIVATE_KEY","version":"2"},{"key":"PLAID_CLIENT_ID","projectId":"bujit-89ac6","secret":"PLAID_CLIENT_ID","version":"1"},{"key":"PLAID_SECRET_SANDBOX","projectId":"bujit-89ac6","secret":"PLAID_SECRET_SANDBOX","version":"1"},{"key":"PLAID_SECRET_PRODUCTION","projectId":"bujit-89ac6","secret":"PLAID_SECRET_PRODUCTION","version":"1"}],"revision":"tellerproxy-00018-reb","maxInstanceRequestConcurrency":80,"availableCpu":"1"},"state":"ACTIVE","labels":{"deployment-tool":"cloudfunctions","firebase-functions-hash":"6be02784ce89920283f94c6e91f7679a7573086b"},"environment":"GEN_2","url":"https://us-central1-bujit-89ac6.cloudfunctions.net/tellerProxy","satisfiesPzi":true},"stages":[{"name":"BUILD","message":"Build in progress","state":"IN_PROGRESS","resource":"projects/533939418471/locations/us-central1/builds/5f77e0a2-b3b3-480a-8b88-4e1a63b96c08","resourceUri":"https://console.cloud.google.com/cloud-build/builds;region=us-central1/5f77e0a2-b3b3-480a-8b88-4e1a63b96c08?project=533939418471"},{"name":"SERVICE","state":"NOT_STARTED"}],"operationType":"UPDATE_FUNCTION","buildName":"projects/533939418471/locations/us-central1/builds/5f77e0a2-b3b3-480a-8b88-4e1a63b96c08"},"done":false}
[debug] [2026-06-26T00:09:33.817Z] [update-default-us-central1-tellerProxy] Retrying task index 0
[debug] [2026-06-26T00:09:33.817Z] Checked if tokens are valid: true, expires at: 1782436132978
[debug] [2026-06-26T00:09:33.817Z] Checked if tokens are valid: true, expires at: 1782436132978
[debug] [2026-06-26T00:09:33.817Z] >>> [apiv2][query] GET https://cloudfunctions.googleapis.com/v2/projects/bujit-89ac6/locations/us-central1/operations/operation-1782432555260-6551ceb4ad91a-a1e66d50-9d829097 [none]
[debug] [2026-06-26T00:09:33.961Z] <<< [apiv2][status] GET https://cloudfunctions.googleapis.com/v2/projects/bujit-89ac6/locations/us-central1/operations/operation-1782432555260-6551ceb4ad91a-a1e66d50-9d829097 200
[debug] [2026-06-26T00:09:33.961Z] <<< [apiv2][body] GET https://cloudfunctions.googleapis.com/v2/projects/bujit-89ac6/locations/us-central1/operations/operation-1782432555260-6551ceb4ad91a-a1e66d50-9d829097 {"name":"projects/bujit-89ac6/locations/us-central1/operations/operation-1782432555260-6551ceb4ad91a-a1e66d50-9d829097","metadata":{"@type":"type.googleapis.com/google.cloud.functions.v2.OperationMetadata","createTime":"2026-06-26T00:09:16.699371163Z","target":"projects/bujit-89ac6/locations/us-central1/functions/tellerProxy","verb":"update","cancelRequested":false,"apiVersion":"v2","requestResource":{"@type":"type.googleapis.com/google.cloud.functions.v2.Function","name":"projects/bujit-89ac6/locations/us-central1/functions/tellerProxy","buildConfig":{"runtime":"nodejs24","entryPoint":"tellerProxy","source":{"storageSource":{"bucket":"gcf-v2-sources-533939418471-us-central1","object":"tellerProxy/function-source.zip","generation":"1782432556609498"}},"environmentVariables":{"GOOGLE_NODE_RUN_SCRIPTS":""},"dockerRepository":"projects/bujit-89ac6/locations/us-central1/repositories/gcf-artifacts","sourceProvenance":{"resolvedStorageSource":{"bucket":"gcf-v2-sources-533939418471-us-central1","object":"tellerProxy/function-source.zip","generation":"1782341041454391"}},"dockerRegistry":"ARTIFACT_REGISTRY","serviceAccount":"projects/bujit-89ac6/serviceAccounts/533939418471-compute@developer.gserviceaccount.com","automaticUpdatePolicy":{}},"serviceConfig":{"service":"projects/bujit-89ac6/locations/us-central1/services/tellerproxy","timeoutSeconds":60,"environmentVariables":{"PLAID_ENV":"production","ENFORCE_APP_CHECK":"true","FIREBASE_CONFIG":"{\"projectId\":\"bujit-89ac6\",\"storageBucket\":\"bujit-89ac6.firebasestorage.app\"}","GCLOUD_PROJECT":"bujit-89ac6","EVENTARC_CLOUD_EVENT_SOURCE":"projects/bujit-89ac6/locations/us-central1/services/tellerProxy","FUNCTION_TARGET":"tellerProxy","LOG_EXECUTION_ID":"true"},"maxInstanceCount":10,"ingressSettings":"ALLOW_ALL","uri":"https://tellerproxy-kswzrkdipq-uc.a.run.app","serviceAccountEmail":"533939418471-compute@developer.gserviceaccount.com","availableMemory":"256Mi","allTrafficOnLatestRevision":true,"secretEnvironmentVariables":[{"key":"TELLER_CERT","projectId":"bujit-89ac6","secret":"TELLER_CERT","version":"2"},{"key":"TELLER_PRIVATE_KEY","projectId":"bujit-89ac6","secret":"TELLER_PRIVATE_KEY","version":"2"},{"key":"PLAID_CLIENT_ID","projectId":"bujit-89ac6","secret":"PLAID_CLIENT_ID","version":"1"},{"key":"PLAID_SECRET_SANDBOX","projectId":"bujit-89ac6","secret":"PLAID_SECRET_SANDBOX","version":"1"},{"key":"PLAID_SECRET_PRODUCTION","projectId":"bujit-89ac6","secret":"PLAID_SECRET_PRODUCTION","version":"1"}],"revision":"tellerproxy-00018-reb","maxInstanceRequestConcurrency":80,"availableCpu":"1"},"state":"ACTIVE","labels":{"deployment-tool":"cloudfunctions","firebase-functions-hash":"6be02784ce89920283f94c6e91f7679a7573086b"},"environment":"GEN_2","url":"https://us-central1-bujit-89ac6.cloudfunctions.net/tellerProxy","satisfiesPzi":true},"stages":[{"name":"BUILD","message":"Build in progress","state":"IN_PROGRESS","resource":"projects/533939418471/locations/us-central1/builds/5f77e0a2-b3b3-480a-8b88-4e1a63b96c08","resourceUri":"https://console.cloud.google.com/cloud-build/builds;region=us-central1/5f77e0a2-b3b3-480a-8b88-4e1a63b96c08?project=533939418471"},{"name":"SERVICE","state":"NOT_STARTED"}],"operationType":"UPDATE_FUNCTION","buildName":"projects/533939418471/locations/us-central1/builds/5f77e0a2-b3b3-480a-8b88-4e1a63b96c08"},"done":false}
[debug] [2026-06-26T00:09:43.963Z] [update-default-us-central1-tellerProxy] Retrying task index 0
[debug] [2026-06-26T00:09:43.963Z] Checked if tokens are valid: true, expires at: 1782436132978
[debug] [2026-06-26T00:09:43.963Z] Checked if tokens are valid: true, expires at: 1782436132978
[debug] [2026-06-26T00:09:43.963Z] >>> [apiv2][query] GET https://cloudfunctions.googleapis.com/v2/projects/bujit-89ac6/locations/us-central1/operations/operation-1782432555260-6551ceb4ad91a-a1e66d50-9d829097 [none]
[debug] [2026-06-26T00:09:44.104Z] <<< [apiv2][status] GET https://cloudfunctions.googleapis.com/v2/projects/bujit-89ac6/locations/us-central1/operations/operation-1782432555260-6551ceb4ad91a-a1e66d50-9d829097 200
[debug] [2026-06-26T00:09:44.104Z] <<< [apiv2][body] GET https://cloudfunctions.googleapis.com/v2/projects/bujit-89ac6/locations/us-central1/operations/operation-1782432555260-6551ceb4ad91a-a1e66d50-9d829097 {"name":"projects/bujit-89ac6/locations/us-central1/operations/operation-1782432555260-6551ceb4ad91a-a1e66d50-9d829097","metadata":{"@type":"type.googleapis.com/google.cloud.functions.v2.OperationMetadata","createTime":"2026-06-26T00:09:16.699371163Z","target":"projects/bujit-89ac6/locations/us-central1/functions/tellerProxy","verb":"update","cancelRequested":false,"apiVersion":"v2","requestResource":{"@type":"type.googleapis.com/google.cloud.functions.v2.Function","name":"projects/bujit-89ac6/locations/us-central1/functions/tellerProxy","buildConfig":{"runtime":"nodejs24","entryPoint":"tellerProxy","source":{"storageSource":{"bucket":"gcf-v2-sources-533939418471-us-central1","object":"tellerProxy/function-source.zip","generation":"1782432556609498"}},"environmentVariables":{"GOOGLE_NODE_RUN_SCRIPTS":""},"dockerRepository":"projects/bujit-89ac6/locations/us-central1/repositories/gcf-artifacts","sourceProvenance":{"resolvedStorageSource":{"bucket":"gcf-v2-sources-533939418471-us-central1","object":"tellerProxy/function-source.zip","generation":"1782341041454391"}},"dockerRegistry":"ARTIFACT_REGISTRY","serviceAccount":"projects/bujit-89ac6/serviceAccounts/533939418471-compute@developer.gserviceaccount.com","automaticUpdatePolicy":{}},"serviceConfig":{"service":"projects/bujit-89ac6/locations/us-central1/services/tellerproxy","timeoutSeconds":60,"environmentVariables":{"PLAID_ENV":"production","ENFORCE_APP_CHECK":"true","FIREBASE_CONFIG":"{\"projectId\":\"bujit-89ac6\",\"storageBucket\":\"bujit-89ac6.firebasestorage.app\"}","GCLOUD_PROJECT":"bujit-89ac6","EVENTARC_CLOUD_EVENT_SOURCE":"projects/bujit-89ac6/locations/us-central1/services/tellerProxy","FUNCTION_TARGET":"tellerProxy","LOG_EXECUTION_ID":"true"},"maxInstanceCount":10,"ingressSettings":"ALLOW_ALL","uri":"https://tellerproxy-kswzrkdipq-uc.a.run.app","serviceAccountEmail":"533939418471-compute@developer.gserviceaccount.com","availableMemory":"256Mi","allTrafficOnLatestRevision":true,"secretEnvironmentVariables":[{"key":"TELLER_CERT","projectId":"bujit-89ac6","secret":"TELLER_CERT","version":"2"},{"key":"TELLER_PRIVATE_KEY","projectId":"bujit-89ac6","secret":"TELLER_PRIVATE_KEY","version":"2"},{"key":"PLAID_CLIENT_ID","projectId":"bujit-89ac6","secret":"PLAID_CLIENT_ID","version":"1"},{"key":"PLAID_SECRET_SANDBOX","projectId":"bujit-89ac6","secret":"PLAID_SECRET_SANDBOX","version":"1"},{"key":"PLAID_SECRET_PRODUCTION","projectId":"bujit-89ac6","secret":"PLAID_SECRET_PRODUCTION","version":"1"}],"revision":"tellerproxy-00018-reb","maxInstanceRequestConcurrency":80,"availableCpu":"1"},"state":"ACTIVE","labels":{"deployment-tool":"cloudfunctions","firebase-functions-hash":"6be02784ce89920283f94c6e91f7679a7573086b"},"environment":"GEN_2","url":"https://us-central1-bujit-89ac6.cloudfunctions.net/tellerProxy","satisfiesPzi":true},"stages":[{"name":"BUILD","message":"Build in progress","state":"IN_PROGRESS","resource":"projects/533939418471/locations/us-central1/builds/5f77e0a2-b3b3-480a-8b88-4e1a63b96c08","resourceUri":"https://console.cloud.google.com/cloud-build/builds;region=us-central1/5f77e0a2-b3b3-480a-8b88-4e1a63b96c08?project=533939418471"},{"name":"SERVICE","state":"NOT_STARTED"}],"operationType":"UPDATE_FUNCTION","buildName":"projects/533939418471/locations/us-central1/builds/5f77e0a2-b3b3-480a-8b88-4e1a63b96c08"},"done":false}
[debug] [2026-06-26T00:09:54.106Z] [update-default-us-central1-tellerProxy] Retrying task index 0
[debug] [2026-06-26T00:09:54.107Z] Checked if tokens are valid: true, expires at: 1782436132978
[debug] [2026-06-26T00:09:54.107Z] Checked if tokens are valid: true, expires at: 1782436132978
[debug] [2026-06-26T00:09:54.107Z] >>> [apiv2][query] GET https://cloudfunctions.googleapis.com/v2/projects/bujit-89ac6/locations/us-central1/operations/operation-1782432555260-6551ceb4ad91a-a1e66d50-9d829097 [none]
[debug] [2026-06-26T00:09:54.209Z] <<< [apiv2][status] GET https://cloudfunctions.googleapis.com/v2/projects/bujit-89ac6/locations/us-central1/operations/operation-1782432555260-6551ceb4ad91a-a1e66d50-9d829097 200
[debug] [2026-06-26T00:09:54.209Z] <<< [apiv2][body] GET https://cloudfunctions.googleapis.com/v2/projects/bujit-89ac6/locations/us-central1/operations/operation-1782432555260-6551ceb4ad91a-a1e66d50-9d829097 {"name":"projects/bujit-89ac6/locations/us-central1/operations/operation-1782432555260-6551ceb4ad91a-a1e66d50-9d829097","metadata":{"@type":"type.googleapis.com/google.cloud.functions.v2.OperationMetadata","createTime":"2026-06-26T00:09:16.699371163Z","target":"projects/bujit-89ac6/locations/us-central1/functions/tellerProxy","verb":"update","cancelRequested":false,"apiVersion":"v2","requestResource":{"@type":"type.googleapis.com/google.cloud.functions.v2.Function","name":"projects/bujit-89ac6/locations/us-central1/functions/tellerProxy","buildConfig":{"runtime":"nodejs24","entryPoint":"tellerProxy","source":{"storageSource":{"bucket":"gcf-v2-sources-533939418471-us-central1","object":"tellerProxy/function-source.zip","generation":"1782432556609498"}},"environmentVariables":{"GOOGLE_NODE_RUN_SCRIPTS":""},"dockerRepository":"projects/bujit-89ac6/locations/us-central1/repositories/gcf-artifacts","sourceProvenance":{"resolvedStorageSource":{"bucket":"gcf-v2-sources-533939418471-us-central1","object":"tellerProxy/function-source.zip","generation":"1782341041454391"}},"dockerRegistry":"ARTIFACT_REGISTRY","serviceAccount":"projects/bujit-89ac6/serviceAccounts/533939418471-compute@developer.gserviceaccount.com","automaticUpdatePolicy":{}},"serviceConfig":{"service":"projects/bujit-89ac6/locations/us-central1/services/tellerproxy","timeoutSeconds":60,"environmentVariables":{"PLAID_ENV":"production","ENFORCE_APP_CHECK":"true","FIREBASE_CONFIG":"{\"projectId\":\"bujit-89ac6\",\"storageBucket\":\"bujit-89ac6.firebasestorage.app\"}","GCLOUD_PROJECT":"bujit-89ac6","EVENTARC_CLOUD_EVENT_SOURCE":"projects/bujit-89ac6/locations/us-central1/services/tellerProxy","FUNCTION_TARGET":"tellerProxy","LOG_EXECUTION_ID":"true"},"maxInstanceCount":10,"ingressSettings":"ALLOW_ALL","uri":"https://tellerproxy-kswzrkdipq-uc.a.run.app","serviceAccountEmail":"533939418471-compute@developer.gserviceaccount.com","availableMemory":"256Mi","allTrafficOnLatestRevision":true,"secretEnvironmentVariables":[{"key":"TELLER_CERT","projectId":"bujit-89ac6","secret":"TELLER_CERT","version":"2"},{"key":"TELLER_PRIVATE_KEY","projectId":"bujit-89ac6","secret":"TELLER_PRIVATE_KEY","version":"2"},{"key":"PLAID_CLIENT_ID","projectId":"bujit-89ac6","secret":"PLAID_CLIENT_ID","version":"1"},{"key":"PLAID_SECRET_SANDBOX","projectId":"bujit-89ac6","secret":"PLAID_SECRET_SANDBOX","version":"1"},{"key":"PLAID_SECRET_PRODUCTION","projectId":"bujit-89ac6","secret":"PLAID_SECRET_PRODUCTION","version":"1"}],"revision":"tellerproxy-00018-reb","maxInstanceRequestConcurrency":80,"availableCpu":"1"},"state":"ACTIVE","labels":{"deployment-tool":"cloudfunctions","firebase-functions-hash":"6be02784ce89920283f94c6e91f7679a7573086b"},"environment":"GEN_2","url":"https://us-central1-bujit-89ac6.cloudfunctions.net/tellerProxy","satisfiesPzi":true},"stages":[{"name":"BUILD","message":"Build in progress","state":"IN_PROGRESS","resource":"projects/533939418471/locations/us-central1/builds/5f77e0a2-b3b3-480a-8b88-4e1a63b96c08","resourceUri":"https://console.cloud.google.com/cloud-build/builds;region=us-central1/5f77e0a2-b3b3-480a-8b88-4e1a63b96c08?project=533939418471"},{"name":"SERVICE","state":"NOT_STARTED"}],"operationType":"UPDATE_FUNCTION","buildName":"projects/533939418471/locations/us-central1/builds/5f77e0a2-b3b3-480a-8b88-4e1a63b96c08"},"done":false}
